2020-10-20 21:29:31.771 [INFO] [0;0;32mLogger init success![0m
2020-10-20 21:29:31.771 [INFO] mysql_drive.go:25: [0;0;32muser:password@tcp(127.0.0.1:3306)/dbname?charset=utf8&parseTime=True&loc=Local&timeout=1000ms[0m
2020-10-20 21:29:31.772 [FATA] mysql_drive.go:40: [0;0;31mmysql connect error :[0m dial tcp 127.0.0.1:3306: connect: connection refused 
Stack:
1.  go-admin/common/database.(*Mysql).Setup
    /Users/shuwen/go/src/shuwen-go-admin/common/database/mysql_drive.go:40
2.  go-admin/common/database.Setup
    /Users/shuwen/go/src/shuwen-go-admin/common/database/initialize.go:7
3.  go-admin/cmd/api.setup
    /Users/shuwen/go/src/shuwen-go-admin/cmd/api/server.go:62
4.  go-admin/cmd/api.glob..func1
    /Users/shuwen/go/src/shuwen-go-admin/cmd/api/server.go:36
5.  github.com/spf13/cobra.(*Command).execute
    /Users/shuwen/go/pkg/mod/github.com/spf13/cobra@v1.0.0/command.go:835
6.  github.com/spf13/cobra.(*Command).ExecuteC
    /Users/shuwen/go/pkg/mod/github.com/spf13/cobra@v1.0.0/command.go:950
7.  github.com/spf13/cobra.(*Command).Execute
    /Users/shuwen/go/pkg/mod/github.com/spf13/cobra@v1.0.0/command.go:887
8.  go-admin/cmd.Execute
    /Users/shuwen/go/src/shuwen-go-admin/cmd/cobra.go:52
9.  main.main
    /Users/shuwen/go/src/shuwen-go-admin/main.go:72

2020-10-20 21:46:15.113 [INFO] [0;0;32mLogger init success![0m
2020-10-20 21:46:15.114 [INFO] mysql_drive.go:25: [0;0;32mshuwen-go-admin:Shuwen-go-admin.com@_00..@tcp(62.234.11.179:3306)/shuwen-go-admin?charset=utf8&parseTime=True&loc=Local&timeout=1000ms[0m
2020-10-20 21:46:15.319 [INFO] mysql_drive.go:42: [0;0;32mmysql connect success ![0m
2020-10-20 21:46:15.618 [INFO] server.go:67: starting api server
